1	
EPOCH    TRAIN ERROR    VAL ERROR	
1    0.75795555555556    0.56079	
2    0.64139444444444    0.68525	
3    0.62543333333333    0.82394	
4    0.60732888888889    0.56965	
5    0.58930333333333    0.55101	
6    0.57184333333333    0.51127	
7    0.55597444444444    0.61477	
8    0.53853666666667    0.45236	
9    0.52308222222222    0.52779	
10    0.50877666666667    0.56363	
11    0.49471333333333    0.42975	
12    0.48227777777778    0.42744	
13    0.46885333333333    0.41008	
14    0.4589    0.4207	
15    0.44747444444444    0.38602	
16    0.43727555555556    0.33207	
17    0.42915    0.36846	
18    0.42079888888889    0.35524	
19    0.41317777777778    0.36176	
20    0.40696111111111    0.33304	
21    0.40100888888889    0.31858	
22    0.39532111111111    0.29839	
23    0.39040333333333    0.30224	
24    0.38666888888889    0.30321	
25    0.38235222222222    0.29514	
26    0.37866333333333    0.32492	
27    0.37544777777778    0.29529	
28    0.37288555555556    0.2861	
29    0.37057    0.2842	
30    0.36767555555556    0.28351	
31    0.36594222222222    0.27217	
32    0.36413777777778    0.27402	
33    0.36224111111111    0.27336	
34    0.36051111111111    0.27318	
35    0.35874444444444    0.27052	
36    0.35767888888889    0.26731	
37    0.35703888888889    0.26871	
38    0.35541444444444    0.26864	
39    0.35465444444444    0.26737	
40    0.35361888888889    0.26349	
41    0.35300333333333    0.26231	
42    0.35289777777778    0.26406	
43    0.35114111111111    0.26246	
44    0.35088111111111    0.26156	
45    0.34992888888889    0.26466	
46    0.34931    0.26048	
47    0.34907111111111    0.2615	
48    0.34908444444444    0.25958	
49    0.34817333333333    0.2596	
50    0.34800888888889    0.26038	
51    0.34730777777778    0.26005	
52    0.34759222222222    0.25991	
53    0.34760333333333    0.25829	
54    0.34677333333333    0.25942	
55    0.34699    0.25957	
56    0.34624555555556    0.25918	
57    0.34593888888889    0.25865	
58    0.34602888888889    0.25871	
59    0.34639333333333    0.25867	
60    0.34582333333333    0.25805	
61    0.34571111111111    0.258	
62    0.34586888888889    0.25823	
63    0.34570666666667    0.258	
64    0.34567333333333    0.25774	
65    0.34509888888889    0.25867	
66    0.34530222222222    0.25819	
67    0.34573111111111    0.25844	
68    0.34439777777778    0.25843	
69    0.34548888888889    0.25799	
70    0.34522    0.25789	
71    0.34513444444444    0.25829	
72    0.34490777777778    0.25804	
73    0.34502888888889    0.25807	
74    0.34485111111111    0.25819	
75    0.34507444444444    0.25834	
76    0.34452666666667    0.25813	
77    0.34528888888889    0.25764	
78    0.34472111111111    0.2581	
79    0.34480111111111    0.25782	
80    0.34430888888889    0.25797	
81    0.34514333333333    0.25785	
82    0.34428888888889    0.25796	
83    0.34483888888889    0.25793	
84    0.34454666666667    0.25781	
85    0.34443888888889    0.25775	
86    0.34478888888889    0.25799	
87    0.34468888888889    0.25786	
88    0.34437333333333    0.25785	
89    0.34467222222222    0.25767	
90    0.34454777777778    0.25767	
91    0.34452111111111    0.2577	
92    0.34421    0.25787	
93    0.34416777777778    0.25799	
94    0.34469333333333    0.25784	
95    0.34527    0.25784	
96    0.34433444444444    0.25783	
97    0.34437333333333    0.2578	
98    0.34478111111111    0.2579	
99    0.34448666666667    0.2579	
100    0.34416666666667    0.25792	
101    0.34454222222222    0.25791	
102    0.34536222222222    0.25791	
103    0.34460555555556    0.25779	
104    0.34474111111111    0.25787	
105    0.34457666666667    0.25787	
106    0.34433222222222    0.25786	
107    0.34512    0.25774	
108    0.34459    0.25786	
109    0.34407444444444    0.2579	
110    0.34475888888889    0.25791	
111    0.34438222222222    0.25788	
112    0.34510666666667    0.25792	
113    0.34461222222222    0.25793	
114    0.34516888888889    0.2579	
115    0.34432777777778    0.25792	
116    0.34457333333333    0.25787	
117    0.34447555555556    0.25789	
118    0.34494666666667    0.25791	
119    0.34418333333333    0.25785	
120    0.34423333333333    0.25789	
121    0.34522    0.25787	
122    0.34454333333333    0.25789	
123    0.34477555555556    0.2579	
124    0.34433333333333    0.25791	
125    0.34520444444444    0.25792	
126    0.34450111111111    0.2579	
127    0.34487666666667    0.25792	
128    0.34453777777778    0.25787	
129    0.34385111111111    0.25788	
130    0.34452444444444    0.25789	
131    0.34424333333333    0.25788	
132    0.34449777777778    0.25791	
133    0.34467333333333    0.25789	
134    0.34448    0.25788	
135    0.34468666666667    0.25786	
136    0.34438333333333    0.25789	
137    0.34411444444444    0.2579	
138    0.34471555555556    0.2579	
139    0.34496333333333    0.25792	
140    0.34469222222222    0.25791	
141    0.34422888888889    0.25791	
142    0.34468777777778    0.25791	
143    0.34442333333333    0.25792	
144    0.34429222222222    0.25791	
145    0.34458444444444    0.25792	
146    0.34449777777778    0.25793	
147    0.34434666666667    0.25793	
148    0.34482333333333    0.25792	
149    0.34400333333333    0.25793	
150    0.34484777777778    0.25793	
151    0.34451222222222    0.25792	
152    0.34438777777778    0.25792	
153    0.34447555555556    0.25793	
154    0.34500444444444    0.25793	
155    0.34500666666667    0.25793	
156    0.34424111111111    0.25793	
157    0.34447222222222    0.25793	
158    0.34507666666667    0.25793	
159    0.34457222222222    0.25793	
160    0.34443    0.25793	
161    0.34433555555556    0.25793	
162    0.34482111111111    0.25793	
163    0.34460111111111    0.25793	
164    0.34431777777778    0.25793	
165    0.34444333333333    0.25793	
166    0.34446555555556    0.25793	
167    0.34444777777778    0.25793	
168    0.34473333333333    0.25793	
169    0.34438444444444    0.25794	
170    0.34438111111111    0.25794	
171    0.34448333333333    0.25794	
172    0.34438111111111    0.25794	
173    0.34501444444444    0.25794	
174    0.34422222222222    0.25794	
175    0.34487777777778    0.25794	
176    0.34482777777778    0.25794	
177    0.34524333333333    0.25794	
178    0.34427666666667    0.25794	
179    0.34455222222222    0.25794	
180    0.34495777777778    0.25794	
181    0.34452222222222    0.25794	
182    0.34485555555556    0.25794	
183    0.34503666666667    0.25794	
184    0.34533555555556    0.25794	
185    0.34474333333333    0.25794	
186    0.34459666666667    0.25794	
187    0.34463444444444    0.25794	
188    0.34496555555556    0.25794	
189    0.34419    0.25794	
190    0.34475555555556    0.25794	
191    0.34462777777778    0.25794	
192    0.34457888888889    0.25794	
193    0.34459444444444    0.25794	
194    0.34469444444444    0.25794	
195    0.34440444444444    0.25794	
196    0.34490888888889    0.25794	
197    0.34461888888889    0.25794	
198    0.34409444444444    0.25794	
199    0.34463333333333    0.25794	
200    0.34469777777778    0.25794	
